app/seeds.txt
com.changtou.moneybox.R$anim: int abc_fade_in
com.changtou.moneybox.R$anim: int abc_fade_out
com.changtou.moneybox.R$anim: int abc_grow_fade_in_from_bottom
com.changtou.moneybox.R$anim: int abc_shrink_fade_out_from_bottom
com.changtou.moneybox.R$anim: int abc_slide_in_bottom
com.changtou.moneybox.R$anim: int abc_slide_in_top
com.changtou.moneybox.R$anim: int abc_slide_out_bottom
com.changtou.moneybox.R$anim: int abc_slide_out_top
com.changtou.moneybox.R$anim: int custom_cycle
com.changtou.moneybox.R$anim: int custom_progressbar
com.changtou.moneybox.R$anim: int error_frame_in
com.changtou.moneybox.R$anim: int error_x_in
com.changtou.moneybox.R$anim: int fade_in
com.changtou.moneybox.R$anim: int fade_out
com.changtou.moneybox.R$anim: int gear_spinner
com.changtou.moneybox.R$anim: int modal_in
com.changtou.moneybox.R$anim: int modal_out
com.changtou.moneybox.R$anim: int round_spinner
com.changtou.moneybox.R$anim: int round_spinner_apple
com.changtou.moneybox.R$anim: int round_spinner_fade
com.changtou.moneybox.R$anim: int shake
com.changtou.moneybox.R$anim: int slide_in_from_bottom
com.changtou.moneybox.R$anim: int slide_in_from_top
com.changtou.moneybox.R$anim: int slide_out_to_bottom
com.changtou.moneybox.R$anim: int slide_out_to_top
com.changtou.moneybox.R$anim: int success_bow_roate
com.changtou.moneybox.R$anim: int success_mask_layout
com.changtou.moneybox.R$anim: int switcher_left_in
com.changtou.moneybox.R$anim: int switcher_left_out
com.changtou.moneybox.R$array: int item_setting1
com.changtou.moneybox.R$array: int item_setting2
com.changtou.moneybox.R$array: int riches_modules
com.changtou.moneybox.R$attr: int DialogSpotColor
com.changtou.moneybox.R$attr: int DialogSpotCount
com.changtou.moneybox.R$attr: int DialogTitleAppearance
com.changtou.moneybox.R$attr: int DialogTitleText
com.changtou.moneybox.R$attr: int actionBarDivider
com.changtou.moneybox.R$attr: int actionBarItemBackground
com.changtou.moneybox.R$attr: int actionBarPopupTheme
com.changtou.moneybox.R$attr: int actionBarSize
com.changtou.moneybox.R$attr: int actionBarSplitStyle
com.changtou.moneybox.R$attr: int actionBarStyle
com.changtou.moneybox.R$attr: int actionBarTabBarStyle
com.changtou.moneybox.R$attr: int actionBarTabStyle
com.changtou.moneybox.R$attr: int actionBarTabTextStyle
com.changtou.moneybox.R$attr: int actionBarTheme
com.changtou.moneybox.R$attr: int actionBarWidgetTheme
com.changtou.moneybox.R$attr: int actionButtonStyle
com.changtou.moneybox.R$attr: int actionDropDownStyle
com.changtou.moneybox.R$attr: int actionLayout
com.changtou.moneybox.R$attr: int actionMenuTextAppearance
com.changtou.moneybox.R$attr: int actionMenuTextColor
com.changtou.moneybox.R$attr: int actionModeBackground
com.changtou.moneybox.R$attr: int actionModeCloseButtonStyle
com.changtou.moneybox.R$attr: int actionModeCloseDrawable
com.changtou.moneybox.R$attr: int actionModeCopyDrawable
com.changtou.moneybox.R$attr: int actionModeCutDrawable
com.changtou.moneybox.R$attr: int actionModeFindDrawable
com.changtou.moneybox.R$attr: int actionModePasteDrawable
com.changtou.moneybox.R$bool: int abc_action_bar_embed_tabs
com.changtou.moneybox.R$bool: int abc_action_bar_embed_tabs_pre_jb
com.changtou.moneybox.R$bool: int abc_action_bar_expanded_action_views_exclusive
com.changtou.moneybox.R$bool: int abc_config_actionMenuItemAllCaps
com.changtou.moneybox.R$bool: int abc_config_allowActionMenuItemTextWithIcon
com.changtou.moneybox.R$bool: int abc_config_showMenuShortcutsWhenKeyboardPresent
...
com.umeng.socialize.bean.LIKESTATUS
com.umeng.socialize.bean.LIKESTATUS: com.umeng.socialize.bean.LIKESTATUS LIKE
com.umeng.socialize.bean.LIKESTATUS: com.umeng.socialize.bean.LIKESTATUS UNLIKE
com.umeng.socialize.bean.LIKESTATUS: com.umeng.socialize.bean.LIKESTATUS[] $VALUES
com.umeng.socialize.bean.LIKESTATUS: com.umeng.socialize.bean.LIKESTATUS[] values()
com.umeng.socialize.bean.LIKESTATUS: com.umeng.socialize.bean.LIKESTATUS valueOf(java.lang.String)
com.umeng.socialize.bean.LIKESTATUS: LIKESTATUS(java.lang.String,int)
com.umeng.socialize.bean.LIKESTATUS: LIKESTATUS(java.lang.String,int,com.umeng.socialize.bean.f)
com.umeng.socialize.bean.LIKESTATUS: void <clinit>()
com.umeng.socialize.bean.Language
com.umeng.socialize.bean.Language: com.umeng.socialize.bean.Language ZH
com.umeng.socialize.bean.Language: com.umeng.socialize.bean.Language EN
com.umeng.socialize.bean.Language: com.umeng.socialize.bean.Language[] $VALUES
com.umeng.socialize.bean.Language: com.umeng.socialize.bean.Language[] values()
com.umeng.socialize.bean.Language: com.umeng.socialize.bean.Language valueOf(java.lang.String)
com.umeng.socialize.bean.Language: Language(java.lang.String,int)
com.umeng.socialize.bean.Language: void <clinit>()
com.umeng.socialize.bean.MultiStatus
com.umeng.socialize.bean.MultiStatus: int a
com.umeng.socialize.bean.MultiStatus: java.lang.String b
com.umeng.socialize.bean.MultiStatus: java.util.Map c
com.umeng.socialize.bean.MultiStatus: java.util.Map d
com.umeng.socialize.bean.MultiStatus: MultiStatus(int)
com.umeng.socialize.bean.MultiStatus: MultiStatus(int,java.lang.String)
com.umeng.socialize.bean.MultiStatus: int getStCode()
com.umeng.socialize.bean.MultiStatus: void setStCode(int)
com.umeng.socialize.bean.MultiStatus: java.lang.String getRespMsg()
com.umeng.socialize.bean.MultiStatus: void setRespMsg(java.lang.String)
com.umeng.socialize.bean.MultiStatus: void setPlatformCode(java.util.Map)
com.umeng.socialize.bean.MultiStatus: void setInfoCode(java.util.Map)
com.umeng.socialize.bean.MultiStatus: java.util.Map getPlatformCode()
com.umeng.socialize.bean.MultiStatus: int getPlatformStatus(com.umeng.socialize.bean.SHARE_MEDIA)
com.umeng.socialize.bean.MultiStatus: int getChildCode(java.lang.String)
com.umeng.socialize.bean.MultiStatus: java.util.Map getAllChildren()
com.umeng.socialize.bean.MultiStatus: java.lang.String toString()
com.umeng.socialize.bean.RequestType
com.umeng.socialize.bean.RequestType: com.umeng.socialize.bean.RequestType SOCIAL
com.umeng.socialize.bean.RequestType: com.umeng.socialize.bean.RequestType ANALYTICS
com.umeng.socialize.bean.RequestType: com.umeng.socialize.bean.RequestType API
com.umeng.socialize.bean.RequestType: com.umeng.socialize.bean.RequestType[] $VALUES
com.umeng.socialize.bean.RequestType: com.umeng.socialize.bean.RequestType[] values()
com.umeng.socialize.bean.RequestType: com.umeng.socialize.bean.RequestType valueOf(java.lang.String)
com.umeng.socialize.bean.RequestType: RequestType(java.lang.String,int)
com.umeng.socialize.bean.RequestType: RequestType(java.lang.String,int,com.umeng.socialize.bean.h)
com.umeng.socialize.bean.RequestType: void <clinit>()