app/mapping.txt
com.changtou.moneybox.R -> com.changtou.moneybox.a:
com.changtou.moneybox.R$styleable -> com.changtou.moneybox.b:
    int[] ActionBar -> ActionBar
    int ActionBar_background -> ActionBar_background
    int ActionBar_backgroundSplit -> ActionBar_backgroundSplit
    int ActionBar_backgroundStacked -> ActionBar_backgroundStacked
    int ActionBar_contentInsetEnd -> ActionBar_contentInsetEnd
    int ActionBar_contentInsetLeft -> ActionBar_contentInsetLeft
    int ActionBar_contentInsetRight -> ActionBar_contentInsetRight
    int ActionBar_contentInsetStart -> ActionBar_contentInsetStart
    int ActionBar_customNavigationLayout -> ActionBar_customNavigationLayout
    int ActionBar_displayOptions -> ActionBar_displayOptions
    int ActionBar_divider -> ActionBar_divider
    int ActionBar_elevation -> ActionBar_elevation
    int ActionBar_height -> ActionBar_height
    int ActionBar_hideOnContentScroll -> ActionBar_hideOnContentScroll
    int ActionBar_homeAsUpIndicator -> ActionBar_homeAsUpIndicator
    int ActionBar_homeLayout -> ActionBar_homeLayout
    int ActionBar_icon -> ActionBar_icon
    int ActionBar_indeterminateProgressStyle -> ActionBar_indeterminateProgressStyle
    int ActionBar_itemPadding -> ActionBar_itemPadding
    int ActionBar_logo -> ActionBar_logo
    int ActionBar_navigationMode -> ActionBar_navigationMode
    int ActionBar_popupTheme -> ActionBar_popupTheme
    int ActionBar_progressBarPadding -> ActionBar_progressBarPadding
    int ActionBar_progressBarStyle -> ActionBar_progressBarStyle
com.changtou.moneybox.common.activity.BaseActivity -> com.changtou.moneybox.common.activity.BaseActivity:
    com.changtou.moneybox.common.http.async.RequestParams mParams -> n
    com.changtou.moneybox.common.activity.BaseActivity$Click click -> o
    java.util.HashMap UMENG_MAP -> p
    android.content.Context mcontext -> u
    boolean bBackGround -> q
    com.changtou.moneybox.common.activity.BaseApplication app -> r
    java.lang.String mDeviceId -> s
    com.changtou.moneybox.module.widget.ZProgressHUD mZProgressHUD -> t
    void onCreate(android.os.Bundle) -> onCreate
    void onSuccess(java.lang.String,java.lang.Object,int) -> a
    void setOnClickListener(int) -> a
    void treatClickEvent(int) -> b
    void treatClickEvent(android.view.View) -> treatClickEvent
    void initView(android.os.Bundle) -> a
    void initListener() -> g
    void initData() -> h
    void onFailure(java.lang.Throwable,java.lang.String,int) -> a
    void sendRequest(int,java.lang.String,com.changtou.moneybox.common.http.async.RequestParams,com.changtou.moneybox.common.http.base.BaseHttpClient,boolean) -> a
    com.changtou.moneybox.common.http.impl.AsyncHttpClientImpl getAsyncClient() -> i
    void onResume() -> onResume
    void onPause() -> onPause
    void onDestroy() -> onDestroy
com.changtou.moneybox.common.activity.BaseActivity$1 -> com.changtou.moneybox.common.activity.a:
com.changtou.moneybox.common.activity.BaseActivity$Click -> com.changtou.moneybox.common.activity.b:
    com.changtou.moneybox.common.activity.BaseActivity this$0 -> a
    void onClick(android.view.View) -> onClick
...
android.support.v7.internal.widget.ScrollingTabContainerView$TabAdapter -> android.support.v7.internal.widget.ap:
    android.support.v7.internal.widget.ScrollingTabContainerView this$0 -> a
    int getCount() -> getCount
    java.lang.Object getItem(int) -> getItem
    long getItemId(int) -> getItemId
    android.view.View getView(int,android.view.View,android.view.ViewGroup) -> getView
android.support.v7.internal.widget.ScrollingTabContainerView$TabClickListener -> android.support.v7.internal.widget.aq:
    android.support.v7.internal.widget.ScrollingTabContainerView this$0 -> a
    void onClick(android.view.View) -> onClick
android.support.v7.internal.widget.ScrollingTabContainerView$TabView -> android.support.v7.internal.widget.ar:
    int[] BG_ATTRS -> b
    android.support.v7.app.ActionBar$Tab mTab -> c
    android.widget.TextView mTextView -> d
    android.widget.ImageView mIconView -> e
    android.view.View mCustomView -> f
    android.support.v7.internal.widget.ScrollingTabContainerView this$0 -> a
    void bindTab(android.support.v7.app.ActionBar$Tab) -> a
    void setSelected(boolean) -> setSelected
    void onInitializeAccessibilityEvent(android.view.accessibility.AccessibilityEvent) -> onInitializeAccessibilityEvent
    void onInitializeAccessibilityNodeInfo(android.view.accessibility.AccessibilityNodeInfo) -> onInitializeAccessibilityNodeInfo
    void onMeasure(int,int) -> onMeasure
    void update() -> a
    boolean onLongClick(android.view.View) -> onLongClick
    android.support.v7.app.ActionBar$Tab getTab() -> b
android.support.v7.internal.widget.ScrollingTabContainerView$VisibilityAnimListener -> android.support.v7.internal.widget.as:
    boolean mCanceled -> b
    int mFinalVisibility -> c
    android.support.v7.internal.widget.ScrollingTabContainerView this$0 -> a
    void onAnimationStart(android.view.View) -> a
    void onAnimationEnd(android.view.View) -> b
    void onAnimationCancel(android.view.View) -> c
android.support.v7.internal.widget.SpinnerCompat -> android.support.v7.internal.widget.SpinnerCompat:
    android.support.v7.widget.ListPopupWindow$ForwardingListener mForwardingListener -> F
    android.support.v7.internal.widget.SpinnerCompat$SpinnerPopup mPopup -> G
    android.support.v7.internal.widget.SpinnerCompat$DropDownAdapter mTempAdapter -> H
    int mDropDownWidth -> E
    int mGravity -> I
    boolean mDisableChildrenWhenDisabled -> J
    android.graphics.Rect mTempRect -> K
    android.support.v7.internal.widget.TintManager mTintManager -> L
    void setEnabled(boolean) -> setEnabled
    void setAdapter(android.widget.SpinnerAdapter) -> a
    int getBaseline() -> getBaseline
    void onDetachedFromWindow() -> onDetachedFromWindow
    void setOnItemClickListener(android.support.v7.internal.widget.AdapterViewCompat$OnItemClickListener) -> setOnItemClickListener
    void setOnItemClickListenerInt(android.support.v7.internal.widget.AdapterViewCompat$OnItemClickListener) -> a
    boolean onTouchEvent(android.view.MotionEvent) -> onTouchEvent
    void onMeasure(int,int) -> onMeasure
    void onLayout(boolean,int,int,int,int) -> onLayout
    void layout(int,boolean) -> a
    android.view.View makeView(int,boolean) -> c
    void setUpChild(android.view.View,boolean) -> a
    boolean performClick() -> performClick
    void onClick(android.content.DialogInterface,int) -> onClick
android.support.v7.internal.widget.SpinnerCompat$1 -> android.support.v7.internal.widget.at:
    android.support.v7.internal.widget.SpinnerCompat$DropdownPopup val$popup -> a
    android.support.v7.internal.widget.SpinnerCompat this$0 -> b
    android.support.v7.widget.ListPopupWindow getPopup() -> a
    boolean onForwardingStarted() -> b
android.support.v7.internal.widget.SpinnerCompat$2 -> android.support.v7.internal.widget.au:
    android.support.v7.internal.widget.SpinnerCompat this$0 -> a
    void onGlobalLayout() -> onGlobalLayout