app/unused.txt
com.changtou.moneybox.BuildConfig
com.changtou.moneybox.R:
    10:3839:public R()
com.changtou.moneybox.R$anim
com.changtou.moneybox.R$array
com.changtou.moneybox.R$attr
com.changtou.moneybox.R$bool
com.changtou.moneybox.R$color
com.changtou.moneybox.R$dimen
com.changtou.moneybox.R$drawable
com.changtou.moneybox.R$id
com.changtou.moneybox.R$integer
com.changtou.moneybox.R$layout
com.changtou.moneybox.R$mipmap
com.changtou.moneybox.R$raw
com.changtou.moneybox.R$string
com.changtou.moneybox.R$style
com.changtou.moneybox.R$styleable:
    3839:3839:public R$styleable()
com.changtou.moneybox.common.activity.BaseActivity:
    public static final java.lang.String LOGTAG
    102:106:public void sendUmeng(java.lang.String,java.lang.String,java.lang.String)
    111:111:public void sendUmeng(java.lang.String,java.lang.String)
    114:116:public void showToast(java.lang.String)
com.changtou.moneybox.common.activity.BaseApplication:
    private static final boolean IS_STATISTIC
    176:177:public static void putValue(java.lang.String,java.lang.Object)
    187:187:public static java.lang.Object getValue(java.lang.String)
    198:198:public static boolean containsKey(java.lang.String)
    208:208:public android.content.pm.PackageInfo getLocalPackageInfo()
    218:225:public android.content.pm.PackageInfo getPackageInfo(java.lang.String)
    246:246:public boolean isStat()
    384:385:public android.app.Activity currentActivity()
    391:393:public void finishActivity()
    399:404:public void finishActivity(android.app.Activity)
    410:415:public void finishActivity(java.lang.Class)
    421:429:public void finishActivityAll(java.lang.Class)
    435:440:public void resetActivity(java.lang.Class)
    549:574:public static java.lang.String getDeviceInfo(android.content.Context)
    627:627:private void cacheUserInfo()
    635:635:private void getCacheUserInfo()
com.changtou.moneybox.common.activity.BaseFragment:
    public static final java.lang.String LOGTAG
    107:107:public void entry()
com.changtou.moneybox.common.activity.BaseFragmentActivity:
    65:66:protected void sendUiMessage(android.os.Message)
    75:76:protected void sendUiMessageDelayed(android.os.Message,long)
    95:102:public void showToast(java.lang.String)
    109:117:public void showToast(int)
    123:131:protected void hideSoftInput(android.content.Context)
    210:214:public static final boolean isScreenLocked(android.content.Context)
    222:224:protected void showSoftInput()
com.changtou.moneybox.common.activity.BaseFragmentActivity$1
com.changtou.moneybox.common.activity.BaseFragmentActivity$2
com.changtou.moneybox.common.dialog.AnimatedView:
    19:19:public float getXFactor()
    31:31:public int getTarget()
com.changtou.moneybox.common.dialog.ProgressLayout:
    private static final int DEFAULT_COUNT
com.changtou.moneybox.common.dialog.SpotsDialog:
    private static final int DELAY
    private static final int DURATION
    31:33:public SpotsDialog(android.content.Context,java.lang.CharSequence)
    40:41:public SpotsDialog(android.content.Context,boolean,android.content.DialogInterface$OnCancelListener)
...
android.support.v4.media.routing.MediaRouterJellybean$SelectRouteWorkaround
android.support.v4.media.routing.MediaRouterJellybean$UserRouteInfo
android.support.v4.media.routing.MediaRouterJellybean$VolumeCallback
android.support.v4.media.routing.MediaRouterJellybean$VolumeCallbackProxy
android.support.v4.media.routing.MediaRouterJellybeanMr1
android.support.v4.media.routing.MediaRouterJellybeanMr1$ActiveScanWorkaround
android.support.v4.media.routing.MediaRouterJellybeanMr1$Callback
android.support.v4.media.routing.MediaRouterJellybeanMr1$CallbackProxy
android.support.v4.media.routing.MediaRouterJellybeanMr1$IsConnectingWorkaround
android.support.v4.media.routing.MediaRouterJellybeanMr1$RouteInfo
android.support.v4.media.routing.MediaRouterJellybeanMr2
android.support.v4.media.routing.MediaRouterJellybeanMr2$RouteInfo
android.support.v4.media.routing.MediaRouterJellybeanMr2$UserRouteInfo
android.support.v4.media.session.IMediaControllerCallback
android.support.v4.media.session.IMediaControllerCallback$Stub
android.support.v4.media.session.IMediaControllerCallback$Stub$Proxy
android.support.v4.media.session.IMediaSession
android.support.v4.media.session.IMediaSession$Stub
android.support.v4.media.session.IMediaSession$Stub$Proxy
android.support.v4.media.session.MediaControllerCompat
android.support.v4.media.session.MediaControllerCompat$1
android.support.v4.media.session.MediaControllerCompat$Callback
android.support.v4.media.session.MediaControllerCompat$Callback$MessageHandler
android.support.v4.media.session.MediaControllerCompat$Callback$StubApi21
android.support.v4.media.session.MediaControllerCompat$Callback$StubCompat
android.support.v4.media.session.MediaControllerCompat$MediaControllerImpl
android.support.v4.media.session.MediaControllerCompat$MediaControllerImplApi21
android.support.v4.media.session.MediaControllerCompat$MediaControllerImplBase
android.support.v4.media.session.MediaControllerCompat$PlaybackInfo
android.support.v4.media.session.MediaControllerCompat$TransportControls
android.support.v4.media.session.MediaControllerCompat$TransportControlsApi21
android.support.v4.media.session.MediaControllerCompat$TransportControlsBase
android.support.v4.media.session.MediaControllerCompatApi21
android.support.v4.media.session.MediaControllerCompatApi21$Callback
android.support.v4.media.session.MediaControllerCompatApi21$CallbackProxy
android.support.v4.media.session.MediaControllerCompatApi21$PlaybackInfo
android.support.v4.media.session.MediaControllerCompatApi21$TransportControls